<?xml version="1.0" encoding="UTF-8" ?>
<testsuite tests="7" failures="0" name="TestSuite" time="5.065" errors="0" skipped="0">
  <properties>
[...]
</properties>
  <testcase classname="just.test.testdriver" name="td" time="4.553"/>
  <testcase classname="just.test.test1" name="td" time="0.001"/>
  <testcase classname="just.test.test2" name="td" time="0"/>
  <testcase classname="just.test.test3" name="td" time="0"/>
  <testcase classname="just.test.test4" name="td" time="0"/>
  <testcase classname="com.job.ui.contentmanager.cont1" name="TestArtical1" time="0.001"/>
  <testcase classname="com.job.ui.contentmanager.cont2" name="TestArtical1" time="0.001"/>
</testsuite>