<?xml version="1.0" encoding="UTF-8"?>
<!-- Generated by org.testng.reporters.JUnitXMLReporter -->
<testsuite hostname="172.26.54.6" ignored="0" name="justtest测试" tests="5" failures="0" timestamp="19 九月 2018 13:06:58 GMT" time="118.503" errors="0">
  <testcase name="td" time="9.548" classname="just.test.testdriver"/>
  <testcase name="td" time="100.093" classname="just.test.test1"/>
  <testcase name="td" time="0.002" classname="just.test.test2"/>
  <testcase name="td" time="8.814" classname="just.test.test3"/>
  <testcase name="td" time="0.002" classname="just.test.test4"/>
</testsuite> <!-- justtest测试 -->
