<?xml version="1.0" encoding="UTF-8"?>
<!-- Generated by org.testng.reporters.JUnitXMLReporter -->
<testsuite hostname="wangmengleideMacBook-Pro.local" ignored="0" name="justtest测试" tests="5" failures="0" timestamp="19 九月 2018 19:01:32 GMT" time="4.587" errors="0">
  <testcase name="td" time="4.552" classname="just.test.testdriver"/>
  <testcase name="td" time="0.001" classname="just.test.test1"/>
  <testcase name="td" time="0.0" classname="just.test.test2"/>
  <testcase name="td" time="0.0" classname="just.test.test3"/>
  <testcase name="td" time="0.001" classname="just.test.test4"/>
</testsuite> <!-- justtest测试 -->
